#0 building with "epic_rubin" instance using docker-container driver

#1 [internal] load build definition from Dockerfile
#1 transferring dockerfile: 1.26kB done
#1 DONE 0.0s

#2 [auth] library/python:pull token for registry-1.docker.io
#2 DONE 0.0s

#3 [internal] load metadata for docker.io/library/python:3.12-slim
#3 DONE 0.4s

#4 [internal] load .dockerignore
#4 transferring context: 2B done
#4 DONE 0.0s

#5 [internal] load build context
#5 transferring context: 18.20kB done
#5 DONE 0.0s

#6 [1/7] FROM docker.io/library/python:3.12-slim@sha256:4600f71648e110b005bf7bca92dbb335e549e6b27f2e83fceee5e11b3e1a4d01
#6 resolve docker.io/library/python:3.12-slim@sha256:4600f71648e110b005bf7bca92dbb335e549e6b27f2e83fceee5e11b3e1a4d01 0.0s done
#6 DONE 0.0s

#7 [2/7] RUN apt-get update     && apt-get install -y --no-install-recommends gcc libpq-dev     && rm -rf /var/lib/apt/lists/*
#7 CACHED

#8 [3/7] RUN adduser --disabled-password --gecos '' flaskuser
#8 CACHED

#9 [5/7] COPY requirements.txt .
#9 CACHED

#10 [4/7] WORKDIR /app
#10 CACHED

#11 [6/7] RUN pip install --upgrade pip     && pip install --no-cache-dir -r requirements.txt
#11 CACHED

#12 [7/7] COPY app.py .
#12 DONE 0.0s

#13 exporting to image
#13 exporting layers 0.1s done
#13 ...

#14 [auth] library/medtracker:pull,push token for harbor.spiffyvmlab.com
#14 DONE 0.0s

#13 exporting to image
#13 exporting manifest sha256:feb89bc35aa364d3be1435b4c6fb196f0be88e9baf1353dfa0e62807c8d87b13 done
#13 exporting config sha256:a3f81443d978a96ec65e31d11dc4abc977137caf2aede9fb107f41ffdbfb7050 done
#13 exporting attestation manifest sha256:5fdd3051d355fdae320549bb3414fab5534be69f4e45ac5d47b388f3afed85c4 0.0s done
#13 exporting manifest list sha256:b1915d8e4b278977e01dda4134037c3039424804449b1e3c8fee38a9ccbadaf8 done
#13 pushing layers
#13 pushing layers 0.2s done
#13 pushing manifest for harbor.spiffyvmlab.com/library/medtracker:amd64-latest@sha256:b1915d8e4b278977e01dda4134037c3039424804449b1e3c8fee38a9ccbadaf8
#13 pushing manifest for harbor.spiffyvmlab.com/library/medtracker:amd64-latest@sha256:b1915d8e4b278977e01dda4134037c3039424804449b1e3c8fee38a9ccbadaf8 0.1s done
#13 DONE 0.4s
